This file contains any messages produced by compilers while
running CMake, to aid debugging if configure makes a mistake.

It was created by viaopt CMake configuration process 0.0-1-g35f5-dirty, which was
generated by CMake 2.8.0.

## --------- ##
## Platform. ##
## --------- ##

hostname = fenrir
system = Linux-2.6.32-49-generic
processor = i686
generator = Unix Makefiles

PATH /home/pgeoffro/bin
PATH /usr/local/bin
PATH /usr/local/sbin
PATH /usr/local/bin
PATH /usr/sbin
PATH /usr/bin
PATH /sbin
PATH /bin
PATH /usr/games
PATH .

PKG_CONFIG_PATH undefined

## ---------------- ##
## CMake variables. ##
## ---------------- ##

CMAKE_ROOT = /usr/share/cmake-2.8
CMAKE_INCLUDE_PATH = 
CMAKE_LIBRARY_PATH = 
CMAKE_PREFIX_PATH = 
CMAKE_INSTALL_ALWAYS = 
CMAKE_SKIP_RPATH = NO
CMAKE_SUPPRESS_REGENERATION = 
BUILD_SHARED_LIBS = 

CMAKE_INSTALL_PREFIX = /usr/local
CMAKE_SOURCE_DIR = /home/pgeoffro/src/viaopt
CMAKE_BINARY_DIR = /home/pgeoffro/src/viaopt/tmp

CMAKE_AR = /usr/bin/ar
CMAKE_RANLIB = /usr/bin/ranlib
CMAKE_BUILD_TYPE = 
CMAKE_CONFIGURATION_TYPES = 
CMAKE_SHARED_LINKER_FLAGS = 

CMAKE_C_COMPILER = /usr/bin/gcc
CMAKE_C_FLAGS = 
CMAKE_C_FLAGS_DEBUG = -g
CMAKE_C_FLAGS_RELEASE = -O3 -DNDEBUG
CMAKE_CXX_COMPILER = /usr/bin/c++
CMAKE_CXX_FLAGS =   -pedantic -Wno-long-long -Wall -Wextra -Wcast-align -Wcast-qual -Wformat -Wwrite-strings -Wconversion
CMAKE_CXX_FLAGS_DEBUG = -g
CMAKE_CXX_FLAGS_RELEASE = -O3 -DNDEBUG
CMAKE_CXX_FLAGS_RELWITHDEBINFO = -O2 -g

CMAKE_STATIC_LIBRARY_PREFIX = lib
CMAKE_STATIC_LIBRARY_SUFFIX = .a
CMAKE_SHARED_LIBRARY_PREFIX = lib
CMAKE_SHARED_LIBRARY_SUFFIX = .so
CMAKE_SHARED_MODULE_PREFIX = lib
CMAKE_SHARED_MODULE_SUFFIX = .so

## ------------------ ##
## Watched variables. ##
## ------------------ ##

WARNING_CXX_FLAGS =  -pedantic -Wno-long-long -Wall -Wextra -Wcast-align -Wcast-qual -Wformat -Wwrite-strings -Wconversion
PKG_CONFIG_FOUND = 1
PKG_CONFIG_EXECUTABLE = /usr/bin/pkg-config
PKG_CONFIG_PREFIX = /usr/local
PKG_CONFIG_EXEC_PREFIX = /usr/local
PKG_CONFIG_LIBDIR = /usr/local/lib
PKG_CONFIG_INCLUDEDIR = /usr/local/include
PKG_CONFIG_DATAROOTDIR = /usr/local/share
PKG_CONFIG_PKGDATAROOTDIR = /usr/local/share
PKG_CONFIG_DOCDIR = /usr/local/share/doc/viaopt
PKG_CONFIG_DOXYGENDOCDIR = /usr/local/share/doc/viaopt/doxygen-html
PKG_CONFIG_PROJECT_NAME = viaopt
PKG_CONFIG_DESCRIPTION = ...
PKG_CONFIG_URL = http://github.com/laas/viaopt
PKG_CONFIG_VERSION = 0.0-1-g35f5-dirty
PKG_CONFIG_REQUIRES = 
PKG_CONFIG_CONFLICTS = 
PKG_CONFIG_LIBS = -L${libdir} -lviaopt
PKG_CONFIG_LIBS_PRIVATE = 
PKG_CONFIG_CFLAGS = -I${includedir} -I/usr/include/eigen3
PKG_CONFIG_EXTRA = 
DOXYGEN_SKIP_DOT = undefined
DOXYGEN_EXECUTABLE = /usr/bin/doxygen
DOXYGEN_FOUND = YES
DOXYGEN_DOT_EXECUTABLE = /usr/bin/dot
DOXYGEN_DOT_FOUND = YES
DOXYGEN_DOT_PATH = /usr/bin
## ---------------- ##
## Watched targets. ##
## ---------------- ##

